<?xml version="1.0" encoding="UTF-8"?>
<!-- Generated by org.testng.reporters.JUnitReportReporter -->
<testsuite hostname="reky-xd" failures="0" tests="3" name="lab.TaxTest" time="0.001" errors="0" timestamp="2022-04-01T21:51:44 PET" skipped="0">
  <testcase classname="lab.TaxTest" name="test_TaxHappy" time="0.000"/>
  <testcase classname="lab.TaxTest" name="test_TaxEmpty" time="0.001"/>
  <testcase classname="lab.TaxTest" name="test_TaxMissing" time="0.000"/>
</testsuite> <!-- lab.TaxTest -->
