<?xml version="1.0" encoding="UTF-8"?>
<!-- Generated by org.testng.reporters.JUnitReportReporter -->
<testsuite hostname="reky-xd" failures="0" tests="5" name="lab.ManageDemandTest" time="0.009" errors="0" timestamp="2022-04-01T21:51:44 PET" skipped="0">
  <testcase classname="lab.ManageDemandTest" name="test_AllOrdersFromPeru" time="0.000"/>
  <testcase classname="lab.ManageDemandTest" name="test_AllOrdersMixIncompleto" time="0.000"/>
  <testcase classname="lab.ManageDemandTest" name="test_AllOrdersFromColombia" time="0.008"/>
  <testcase classname="lab.ManageDemandTest" name="test_AllOrdersMixCompleto" time="0.001"/>
  <testcase classname="lab.ManageDemandTest" name="test_AllOrdersVacio" time="0.000"/>
</testsuite> <!-- lab.ManageDemandTest -->
